app/build/intermediates/manifest_merge_blame_file/debug/manifest-merger-blame-debug-report.txt
1<?xml version="1.0" encoding="utf-8"?>
2<manifest xmlns:android="http://schemas.android.com/apk/res/android"
3    package="com.riyadh.tugas1_10118421"
4    android:versionCode="1"
5    android:versionName="1.0" >
6
7    <uses-sdk
8        android:minSdkVersion="21"
8-->src\main\AndroidManifest.xml
9        android:targetSdkVersion="30" />
9-->src\main\AndroidManifest.xml
10
11    <application
11-->src\main\AndroidManifest.xml:5:5-25:19
12        android:allowBackup="true"
12-->src\main\AndroidManifest.xml:6:9-35
13        android:appComponentFactory="androidx.core.app.CoreComponentFactory"
13-->[androidx.core:core:1.3.1] AndroidManifest.xml:24:18-86
14        android:debuggable="true"
15        android:icon="@mipmap/ic_launcher"
15-->src\main\AndroidManifest.xml:7:9-43
16        android:label="@string/app_name"
16-->src\main\AndroidManifest.xml:8:9-41
17        android:roundIcon="@mipmap/ic_launcher_round"
17-->src\main\AndroidManifest.xml:9:9-54
18        android:supportsRtl="true"
18-->src\main\AndroidManifest.xml:10:9-35
19        android:theme="@style/Theme.TUGAS110118421" >
19-->src\main\AndroidManifest.xml:11:9-52
20        <activity
20-->src\main\AndroidManifest.xml:13:9-87
21            android:name="com.riyadh.tugas1_10118421.LoginActivity"
21-->src\main\AndroidManifest.xml:13:19-48
22            android:screenOrientation="portrait" />
22-->src\main\AndroidManifest.xml:13:49-85
23        <activity
23-->src\main\AndroidManifest.xml:14:9-89
24            android:name="com.riyadh.tugas1_10118421.ProfileActivity"
24-->src\main\AndroidManifest.xml:14:19-50
25            android:screenOrientation="portrait" />
25-->src\main\AndroidManifest.xml:14:51-87
26        <activity
26-->src\main\AndroidManifest.xml:15:9-90
27            android:name="com.riyadh.tugas1_10118421.RegisterActivity"
27-->src\main\AndroidManifest.xml:15:19-51
28            android:screenOrientation="portrait" />
28-->src\main\AndroidManifest.xml:15:52-88
29        <activity
29-->src\main\AndroidManifest.xml:16:9-86
30            android:name="com.riyadh.tugas1_10118421.MainActivity"
30-->src\main\AndroidManifest.xml:16:19-47
31            android:screenOrientation="portrait" />
31-->src\main\AndroidManifest.xml:16:48-84
32        <activity
32-->src\main\AndroidManifest.xml:18:9-23:20
33            android:name="com.riyadh.tugas1_10118421.SplashActivity"
33-->src\main\AndroidManifest.xml:18:19-49
34            android:theme="@style/SplashTheme" >
34-->src\main\AndroidManifest.xml:18:50-84
35            <intent-filter>
35-->src\main\AndroidManifest.xml:19:13-22:29
36                <action android:name="android.intent.action.MAIN" />
36-->src\main\AndroidManifest.xml:20:17-69
36-->src\main\AndroidManifest.xml:20:25-66
37
38                <category android:name="android.intent.category.LAUNCHER" />
38-->src\main\AndroidManifest.xml:21:17-77
38-->src\main\AndroidManifest.xml:21:27-74
39            </intent-filter>
40        </activity>
41    </application>
42
43</manifest>